

Started GET "/" for 172.17.42.1 at 2014-07-12 19:49:25 +0000

ActiveRecord::PendingMigrationError (

Migrations are pending. To resolve this issue, run:

	bin/rake db:migrate RAILS_ENV=development

):
  activerecord (4.1.2) lib/active_record/migration.rb:389:in `check_pending!'
  activerecord (4.1.2) lib/active_record/migration.rb:377:in `call'
  actionpack (4.1.2) lib/action_dispatch/middleware/callbacks.rb:29:in `block in call'
  activesupport (4.1.2) lib/active_support/callbacks.rb:82:in `run_callbacks'
  actionpack (4.1.2) lib/action_dispatch/middleware/callbacks.rb:27:in `call'
  actionpack (4.1.2) lib/action_dispatch/middleware/reloader.rb:73:in `call'
  actionpack (4.1.2) lib/action_dispatch/middleware/remote_ip.rb:76:in `call'
  actionpack (4.1.2) lib/action_dispatch/middleware/debug_exceptions.rb:17:in `call'
  actionpack (4.1.2) lib/action_dispatch/middleware/show_exceptions.rb:30:in `call'
  railties (4.1.2) lib/rails/rack/logger.rb:38:in `call_app'
  railties (4.1.2) lib/rails/rack/logger.rb:20:in `block in call'
  activesupport (4.1.2) lib/active_support/tagged_logging.rb:68:in `block in tagged'
  activesupport (4.1.2) lib/active_support/tagged_logging.rb:26:in `tagged'
  activesupport (4.1.2) lib/active_support/tagged_logging.rb:68:in `tagged'
  railties (4.1.2) lib/rails/rack/logger.rb:20:in `call'
  actionpack (4.1.2) lib/action_dispatch/middleware/request_id.rb:21:in `call'
  rack (1.5.2) lib/rack/methodoverride.rb:21:in `call'
  rack (1.5.2) lib/rack/runtime.rb:17:in `call'
  activesupport (4.1.2) lib/active_support/cache/strategy/local_cache_middleware.rb:26:in `call'
  rack (1.5.2) lib/rack/lock.rb:17:in `call'
  actionpack (4.1.2) lib/action_dispatch/middleware/static.rb:64:in `call'
  rack (1.5.2) lib/rack/sendfile.rb:112:in `call'
  railties (4.1.2) lib/rails/engine.rb:514:in `call'
  railties (4.1.2) lib/rails/application.rb:144:in `call'
  rack (1.5.2) lib/rack/lock.rb:17:in `call'
  rack (1.5.2) lib/rack/content_length.rb:14:in `call'
  rack (1.5.2) lib/rack/handler/webrick.rb:60:in `service'
  /home/codio/.rbenv/versions/2.0.0-p353/lib/ruby/2.0.0/webrick/httpserver.rb:138:in `service'
  /home/codio/.rbenv/versions/2.0.0-p353/lib/ruby/2.0.0/webrick/httpserver.rb:94:in `run'
  /home/codio/.rbenv/versions/2.0.0-p353/lib/ruby/2.0.0/webrick/server.rb:295:in `block in start_thread'


  Rendered /home/codio/.rbenv/versions/2.0.0-p353/lib/ruby/gems/2.0.0/gems/actionpack-4.1.2/lib/action_dispatch/middleware/templates/rescues/_source.erb (0.8ms)
  Rendered /home/codio/.rbenv/versions/2.0.0-p353/lib/ruby/gems/2.0.0/gems/actionpack-4.1.2/lib/action_dispatch/middleware/templates/rescues/_trace.html.erb (30.5ms)
  Rendered /home/codio/.rbenv/versions/2.0.0-p353/lib/ruby/gems/2.0.0/gems/actionpack-4.1.2/lib/action_dispatch/middleware/templates/rescues/_request_and_response.html.erb (1.1ms)
  Rendered /home/codio/.rbenv/versions/2.0.0-p353/lib/ruby/gems/2.0.0/gems/actionpack-4.1.2/lib/action_dispatch/middleware/templates/rescues/diagnostics.erb within rescues/layout (73.5ms)
  [1m[36m (13.8ms)[0m  [1mCREATE TABLE "schema_migrations" ("version" varchar(255) NOT NULL) [0m
  [1m[35m (0.1ms)[0m  select sqlite_version(*)
  [1m[36m (6.4ms)[0m  [1mCREATE UNIQUE INDEX "unique_schema_migrations" ON "schema_migrations" ("version")[0m
  [1m[35mActiveRecord::SchemaMigration Load (0.1ms)[0m  SELECT "schema_migrations".* FROM "schema_migrations"
Migrating to CreateJedis (20140704162017)
  [1m[36m (0.1ms)[0m  [1mbegin transaction[0m
  [1m[35m (0.4ms)[0m  CREATE TABLE "jedis" ("id" INTEGER PRIMARY KEY AUTOINCREMENT NOT NULL, "first_name" varchar(255), "last_name" varchar(255), "sex" varchar(255), "location" varchar(255), "created_at" datetime, "updated_at" datetime) 
  [1m[36mSQL (0.2ms)[0m  [1mINSERT INTO "schema_migrations" ("version") VALUES (?)[0m  [["version", "20140704162017"]]
  [1m[35m (5.8ms)[0m  commit transaction
Migrating to AddPictureToJedis (20140706185953)
  [1m[36m (0.1ms)[0m  [1mbegin transaction[0m
  [1m[35m (0.4ms)[0m  ALTER TABLE "jedis" ADD "picture" varchar(255)
  [1m[36mSQL (0.2ms)[0m  [1mINSERT INTO "schema_migrations" ("version") VALUES (?)[0m  [["version", "20140706185953"]]
  [1m[35m (5.4ms)[0m  commit transaction
  [1m[36mActiveRecord::SchemaMigration Load (0.1ms)[0m  [1mSELECT "schema_migrations".* FROM "schema_migrations"[0m
  [1m[36mActiveRecord::SchemaMigration Load (0.2ms)[0m  [1mSELECT "schema_migrations".* FROM "schema_migrations"[0m
  [1m[35mActiveRecord::SchemaMigration Load (0.1ms)[0m  SELECT "schema_migrations".* FROM "schema_migrations"


Started GET "/" for 172.17.42.1 at 2014-07-12 19:50:44 +0000
  [1m[36mActiveRecord::SchemaMigration Load (0.1ms)[0m  [1mSELECT "schema_migrations".* FROM "schema_migrations"[0m
Processing by WelcomeController#index as HTML
  Rendered welcome/index.html.erb within layouts/application (11.3ms)
Completed 200 OK in 1406ms (Views: 1361.8ms | ActiveRecord: 0.0ms)


Started GET "/assets/jedis.css?body=1" for 172.17.42.1 at 2014-07-12 19:50:46 +0000


Started GET "/assets/scaffolds.css?body=1" for 172.17.42.1 at 2014-07-12 19:50:46 +0000


Started GET "/assets/view.css?body=1" for 172.17.42.1 at 2014-07-12 19:50:46 +0000


Started GET "/assets/welcome.css?body=1" for 172.17.42.1 at 2014-07-12 19:50:46 +0000


Started GET "/assets/application.css?body=1" for 172.17.42.1 at 2014-07-12 19:50:46 +0000


Started GET "/assets/jquery.js?body=1" for 172.17.42.1 at 2014-07-12 19:50:46 +0000


Started GET "/assets/jquery_ujs.js?body=1" for 172.17.42.1 at 2014-07-12 19:50:46 +0000


Started GET "/assets/turbolinks.js?body=1" for 172.17.42.1 at 2014-07-12 19:50:46 +0000


Started GET "/assets/jedis.js?body=1" for 172.17.42.1 at 2014-07-12 19:50:46 +0000


Started GET "/assets/view.js?body=1" for 172.17.42.1 at 2014-07-12 19:50:46 +0000


Started GET "/assets/welcome.js?body=1" for 172.17.42.1 at 2014-07-12 19:50:46 +0000


Started GET "/assets/application.js?body=1" for 172.17.42.1 at 2014-07-12 19:50:46 +0000


Started GET "/assets/bottom.png" for 172.17.42.1 at 2014-07-12 19:50:46 +0000


Started GET "/assets/top.png" for 172.17.42.1 at 2014-07-12 19:50:46 +0000


Started GET "/assets/jedi.jpg" for 172.17.42.1 at 2014-07-12 19:50:46 +0000


Started GET "/jedis" for 172.17.42.1 at 2014-07-12 19:50:49 +0000
Processing by JedisController#index as HTML
  [1m[35mJedi Load (0.4ms)[0m  SELECT "jedis".* FROM "jedis"
  Rendered jedis/index.html.erb within layouts/application (3.5ms)
Completed 200 OK in 63ms (Views: 15.8ms | ActiveRecord: 0.4ms)


Started GET "/jedis/new" for 172.17.42.1 at 2014-07-12 19:50:51 +0000
Processing by JedisController#new as HTML
  Rendered jedis/_form.html.erb (25.1ms)
  Rendered jedis/new.html.erb within layouts/application (29.4ms)
Completed 200 OK in 39ms (Views: 37.1ms | ActiveRecord: 0.5ms)


Started GET "/images/shadow.gif" for 172.17.42.1 at 2014-07-12 19:50:51 +0000

ActionController::RoutingError (No route matches [GET] "/images/shadow.gif"):
  actionpack (4.1.2) lib/action_dispatch/middleware/debug_exceptions.rb:21:in `call'
  actionpack (4.1.2) lib/action_dispatch/middleware/show_exceptions.rb:30:in `call'
  railties (4.1.2) lib/rails/rack/logger.rb:38:in `call_app'
  railties (4.1.2) lib/rails/rack/logger.rb:20:in `block in call'
  activesupport (4.1.2) lib/active_support/tagged_logging.rb:68:in `block in tagged'
  activesupport (4.1.2) lib/active_support/tagged_logging.rb:26:in `tagged'
  activesupport (4.1.2) lib/active_support/tagged_logging.rb:68:in `tagged'
  railties (4.1.2) lib/rails/rack/logger.rb:20:in `call'
  actionpack (4.1.2) lib/action_dispatch/middleware/request_id.rb:21:in `call'
  rack (1.5.2) lib/rack/methodoverride.rb:21:in `call'
  rack (1.5.2) lib/rack/runtime.rb:17:in `call'
  activesupport (4.1.2) lib/active_support/cache/strategy/local_cache_middleware.rb:26:in `call'
  rack (1.5.2) lib/rack/lock.rb:17:in `call'
  actionpack (4.1.2) lib/action_dispatch/middleware/static.rb:64:in `call'
  rack (1.5.2) lib/rack/sendfile.rb:112:in `call'
  railties (4.1.2) lib/rails/engine.rb:514:in `call'
  railties (4.1.2) lib/rails/application.rb:144:in `call'
  rack (1.5.2) lib/rack/lock.rb:17:in `call'
  rack (1.5.2) lib/rack/content_length.rb:14:in `call'
  rack (1.5.2) lib/rack/handler/webrick.rb:60:in `service'
  /home/codio/.rbenv/versions/2.0.0-p353/lib/ruby/2.0.0/webrick/httpserver.rb:138:in `service'
  /home/codio/.rbenv/versions/2.0.0-p353/lib/ruby/2.0.0/webrick/httpserver.rb:94:in `run'
  /home/codio/.rbenv/versions/2.0.0-p353/lib/ruby/2.0.0/webrick/server.rb:295:in `block in start_thread'


  Rendered /home/codio/.rbenv/versions/2.0.0-p353/lib/ruby/gems/2.0.0/gems/actionpack-4.1.2/lib/action_dispatch/middleware/templates/rescues/_trace.html.erb (1.7ms)
  Rendered /home/codio/.rbenv/versions/2.0.0-p353/lib/ruby/gems/2.0.0/gems/actionpack-4.1.2/lib/action_dispatch/middleware/templates/routes/_route.html.erb (2.4ms)
  Rendered /home/codio/.rbenv/versions/2.0.0-p353/lib/ruby/gems/2.0.0/gems/actionpack-4.1.2/lib/action_dispatch/middleware/templates/routes/_table.html.erb (3.9ms)
  Rendered /home/codio/.rbenv/versions/2.0.0-p353/lib/ruby/gems/2.0.0/gems/actionpack-4.1.2/lib/action_dispatch/middleware/templates/rescues/routing_error.html.erb within rescues/layout (57.0ms)


Started GET "/" for 172.17.42.1 at 2014-07-12 21:21:11 +0000
  [1m[36mActiveRecord::SchemaMigration Load (0.1ms)[0m  [1mSELECT "schema_migrations".* FROM "schema_migrations"[0m
Processing by WelcomeController#index as HTML
  Rendered welcome/index.html.erb within layouts/application (2.9ms)
Completed 200 OK in 122ms (Views: 73.2ms | ActiveRecord: 0.0ms)


Started GET "/assets/jedis.css?body=1" for 172.17.42.1 at 2014-07-12 21:21:12 +0000


Started GET "/assets/view.css?body=1" for 172.17.42.1 at 2014-07-12 21:21:12 +0000


Started GET "/assets/welcome.css?body=1" for 172.17.42.1 at 2014-07-12 21:21:12 +0000


Started GET "/assets/scaffolds.css?body=1" for 172.17.42.1 at 2014-07-12 21:21:12 +0000


Started GET "/assets/jquery.js?body=1" for 172.17.42.1 at 2014-07-12 21:21:12 +0000


Started GET "/assets/application.css?body=1" for 172.17.42.1 at 2014-07-12 21:21:12 +0000


Started GET "/assets/jquery_ujs.js?body=1" for 172.17.42.1 at 2014-07-12 21:21:12 +0000


Started GET "/assets/jedis.js?body=1" for 172.17.42.1 at 2014-07-12 21:21:12 +0000


Started GET "/assets/view.js?body=1" for 172.17.42.1 at 2014-07-12 21:21:12 +0000


Started GET "/assets/turbolinks.js?body=1" for 172.17.42.1 at 2014-07-12 21:21:12 +0000


Started GET "/assets/welcome.js?body=1" for 172.17.42.1 at 2014-07-12 21:21:12 +0000


Started GET "/assets/application.js?body=1" for 172.17.42.1 at 2014-07-12 21:21:12 +0000


Started GET "/assets/top.png" for 172.17.42.1 at 2014-07-12 21:21:12 +0000


Started GET "/assets/jedi.jpg" for 172.17.42.1 at 2014-07-12 21:21:12 +0000


Started GET "/assets/bottom.png" for 172.17.42.1 at 2014-07-12 21:21:12 +0000


Started GET "/jedis" for 172.17.42.1 at 2014-07-12 21:21:16 +0000
Processing by JedisController#index as HTML
  [1m[35mJedi Load (0.2ms)[0m  SELECT "jedis".* FROM "jedis"
  Rendered jedis/index.html.erb within layouts/application (1.6ms)
Completed 200 OK in 14ms (Views: 9.2ms | ActiveRecord: 0.2ms)


Started GET "/jedis/new" for 172.17.42.1 at 2014-07-12 21:21:17 +0000
Processing by JedisController#new as HTML
  Rendered jedis/_form.html.erb (26.2ms)
  Rendered jedis/new.html.erb within layouts/application (30.5ms)
Completed 200 OK in 40ms (Views: 37.8ms | ActiveRecord: 0.5ms)


Started GET "/images/shadow.gif" for 172.17.42.1 at 2014-07-12 21:21:18 +0000

ActionController::RoutingError (No route matches [GET] "/images/shadow.gif"):
  actionpack (4.1.2) lib/action_dispatch/middleware/debug_exceptions.rb:21:in `call'
  actionpack (4.1.2) lib/action_dispatch/middleware/show_exceptions.rb:30:in `call'
  railties (4.1.2) lib/rails/rack/logger.rb:38:in `call_app'
  railties (4.1.2) lib/rails/rack/logger.rb:20:in `block in call'
  activesupport (4.1.2) lib/active_support/tagged_logging.rb:68:in `block in tagged'
  activesupport (4.1.2) lib/active_support/tagged_logging.rb:26:in `tagged'
  activesupport (4.1.2) lib/active_support/tagged_logging.rb:68:in `tagged'
  railties (4.1.2) lib/rails/rack/logger.rb:20:in `call'
  actionpack (4.1.2) lib/action_dispatch/middleware/request_id.rb:21:in `call'
  rack (1.5.2) lib/rack/methodoverride.rb:21:in `call'
  rack (1.5.2) lib/rack/runtime.rb:17:in `call'
  activesupport (4.1.2) lib/active_support/cache/strategy/local_cache_middleware.rb:26:in `call'
  rack (1.5.2) lib/rack/lock.rb:17:in `call'
  actionpack (4.1.2) lib/action_dispatch/middleware/static.rb:64:in `call'
  rack (1.5.2) lib/rack/sendfile.rb:112:in `call'
  railties (4.1.2) lib/rails/engine.rb:514:in `call'
  railties (4.1.2) lib/rails/application.rb:144:in `call'
  rack (1.5.2) lib/rack/lock.rb:17:in `call'
  rack (1.5.2) lib/rack/content_length.rb:14:in `call'
  rack (1.5.2) lib/rack/handler/webrick.rb:60:in `service'
  /home/codio/.rbenv/versions/2.0.0-p353/lib/ruby/2.0.0/webrick/httpserver.rb:138:in `service'
  /home/codio/.rbenv/versions/2.0.0-p353/lib/ruby/2.0.0/webrick/httpserver.rb:94:in `run'
  /home/codio/.rbenv/versions/2.0.0-p353/lib/ruby/2.0.0/webrick/server.rb:295:in `block in start_thread'


  Rendered /home/codio/.rbenv/versions/2.0.0-p353/lib/ruby/gems/2.0.0/gems/actionpack-4.1.2/lib/action_dispatch/middleware/templates/rescues/_trace.html.erb (1.4ms)
  Rendered /home/codio/.rbenv/versions/2.0.0-p353/lib/ruby/gems/2.0.0/gems/actionpack-4.1.2/lib/action_dispatch/middleware/templates/routes/_route.html.erb (2.2ms)
  Rendered /home/codio/.rbenv/versions/2.0.0-p353/lib/ruby/gems/2.0.0/gems/actionpack-4.1.2/lib/action_dispatch/middleware/templates/routes/_table.html.erb (2.6ms)
  Rendered /home/codio/.rbenv/versions/2.0.0-p353/lib/ruby/gems/2.0.0/gems/actionpack-4.1.2/lib/action_dispatch/middleware/templates/rescues/routing_error.html.erb within rescues/layout (39.4ms)


Started POST "/jedis" for 172.17.42.1 at 2014-07-12 21:22:24 +0000
Processing by JedisController#create as HTML
  Parameters: {"utf8"=>"✓", "authenticity_token"=>"HGqhtb+fQYRorhquUrbvCOZbXb4gtc5zBAfb8/2amLM=", "jedi"=>{"first_name"=>"Test", "last_name"=>"User", "sex"=>"Female", "picture"=>#<ActionDispatch::Http::UploadedFile:0x007fd7b72ca5d8 @tempfile=#<Tempfile:/tmp/RackMultipart20140712-386-d9z3cu>, @original_filename="100_0729.JPG", @content_type="image/jpeg", @headers="Content-Disposition: form-data; name=\"jedi[picture]\"; filename=\"100_0729.JPG\"\r\nContent-Type: image/jpeg\r\n">}, "street_address"=>"", "street_address_2"=>"", "city"=>"", "county"=>"", "postal_code"=>"", "country"=>"", "commit"=>"Create Jedi"}
  [1m[36m (0.1ms)[0m  [1mbegin transaction[0m
  [1m[35mSQL (3.2ms)[0m  INSERT INTO "jedis" ("created_at", "first_name", "last_name", "picture", "sex", "updated_at") VALUES (?, ?, ?, ?, ?, ?)  [["created_at", "2014-07-12 21:22:24.926411"], ["first_name", "Test"], ["last_name", "User"], ["picture", "100_0729.JPG"], ["sex", "Female"], ["updated_at", "2014-07-12 21:22:24.926411"]]
  [1m[36m (7.7ms)[0m  [1mcommit transaction[0m
Redirected to http://hadbot-arrope.codio.io:3000/jedis/1
Completed 302 Found in 39ms (ActiveRecord: 11.0ms)


Started GET "/jedis/1" for 172.17.42.1 at 2014-07-12 21:22:25 +0000
Processing by JedisController#show as HTML
  Parameters: {"id"=>"1"}
  [1m[35mJedi Load (0.2ms)[0m  SELECT  "jedis".* FROM "jedis"  WHERE "jedis"."id" = ? LIMIT 1  [["id", 1]]
  Rendered jedis/show.html.erb within layouts/application (1.4ms)
Completed 200 OK in 10ms (Views: 8.1ms | ActiveRecord: 0.2ms)


Started GET "/jedis/1/edit" for 172.17.42.1 at 2014-07-12 21:22:36 +0000
Processing by JedisController#edit as HTML
  Parameters: {"id"=>"1"}
  [1m[36mJedi Load (0.2ms)[0m  [1mSELECT  "jedis".* FROM "jedis"  WHERE "jedis"."id" = ? LIMIT 1[0m  [["id", 1]]
  Rendered jedis/_form.html.erb (1.8ms)
  Rendered jedis/edit.html.erb within layouts/application (3.5ms)
Completed 200 OK in 13ms (Views: 11.1ms | ActiveRecord: 0.2ms)


Started GET "/jedis/1" for 172.17.42.1 at 2014-07-12 21:23:30 +0000
Processing by JedisController#show as HTML
  Parameters: {"id"=>"1"}
  [1m[35mJedi Load (0.2ms)[0m  SELECT  "jedis".* FROM "jedis"  WHERE "jedis"."id" = ? LIMIT 1  [["id", 1]]
  Rendered jedis/show.html.erb within layouts/application (1.6ms)
Completed 200 OK in 11ms (Views: 9.1ms | ActiveRecord: 0.2ms)


Started GET "/jedis" for 172.17.42.1 at 2014-07-12 21:23:33 +0000
Processing by JedisController#index as HTML
  [1m[36mJedi Load (0.2ms)[0m  [1mSELECT "jedis".* FROM "jedis"[0m
  Rendered jedis/index.html.erb within layouts/application (2.1ms)
Completed 200 OK in 10ms (Views: 9.3ms | ActiveRecord: 0.2ms)
